Started GET "/" for ::1 at 2018-04-19 06:31:10 -0400
Started GET "/robots.txt" for ::1 at 2018-04-19 06:31:10 -0400
  
  
Gem::LoadError (Error loading the 'sqlite3' Active Record adapter. Missing a gem it depends on? sqlite3 is not part of the bundle. Add it to your Gemfile.):
Gem::LoadError (Error loading the 'sqlite3' Active Record adapter. Missing a gem it depends on? sqlite3 is not part of the bundle. Add it to your Gemfile.):
  
  
bundler (1.16.0) lib/bundler/rubygems_integration.rb:404:in `block (2 levels) in replace_gem'
activerecord (5.2.0) lib/active_record/connection_adapters/sqlite3_adapter.rb:12:in `<top (required)>'
activesupport (5.2.0) lib/active_support/dependencies.rb:283:in `require'
activesupport (5.2.0) lib/active_support/dependencies.rb:283:in `block in require'
activesupport (5.2.0) lib/active_support/dependencies.rb:249:in `load_dependency'
activesupport (5.2.0) lib/active_support/dependencies.rb:283:in `require'
activerecord (5.2.0) lib/active_record/connection_adapters/connection_specification.rb:191:in `spec'
activerecord (5.2.0) lib/active_record/connection_adapters/abstract/connection_pool.rb:950:in `establish_connection'
activerecord (5.2.0) lib/active_record/connection_handling.rb:60:in `establish_connection'
activerecord (5.2.0) lib/active_record/railtie.rb:136:in `block (2 levels) in <class:Railtie>'
activesupport (5.2.0) lib/active_support/lazy_load_hooks.rb:71:in `instance_eval'
activesupport (5.2.0) lib/active_support/lazy_load_hooks.rb:71:in `block in execute_hook'
activesupport (5.2.0) lib/active_support/lazy_load_hooks.rb:62:in `with_execution_control'
activesupport (5.2.0) lib/active_support/lazy_load_hooks.rb:67:in `execute_hook'
activesupport (5.2.0) lib/active_support/lazy_load_hooks.rb:52:in `block in run_load_hooks'
activesupport (5.2.0) lib/active_support/lazy_load_hooks.rb:51:in `each'
activesupport (5.2.0) lib/active_support/lazy_load_hooks.rb:51:in `run_load_hooks'
activerecord (5.2.0) lib/active_record/base.rb:328:in `<module:ActiveRecord>'
activerecord (5.2.0) lib/active_record/base.rb:27:in `<top (required)>'
activesupport (5.2.0) lib/active_support/dependencies.rb:283:in `require'
activesupport (5.2.0) lib/active_support/dependencies.rb:283:in `block in require'
activesupport (5.2.0) lib/active_support/dependencies.rb:249:in `load_dependency'
activesupport (5.2.0) lib/active_support/dependencies.rb:283:in `require'
activerecord (5.2.0) lib/active_record/migration.rb:554:in `call'
actionpack (5.2.0) lib/action_dispatch/middleware/callbacks.rb:28:in `block in call'
activesupport (5.2.0) lib/active_support/callbacks.rb:98:in `run_callbacks'
actionpack (5.2.0) lib/action_dispatch/middleware/callbacks.rb:26:in `call'
actionpack (5.2.0) lib/action_dispatch/middleware/executor.rb:14:in `call'
actionpack (5.2.0) lib/action_dispatch/middleware/debug_exceptions.rb:61:in `call'
actionpack (5.2.0) lib/action_dispatch/middleware/show_exceptions.rb:33:in `call'
railties (5.2.0) lib/rails/rack/logger.rb:38:in `call_app'
railties (5.2.0) lib/rails/rack/logger.rb:26:in `block in call'
activesupport (5.2.0) lib/active_support/tagged_logging.rb:71:in `block in tagged'
activesupport (5.2.0) lib/active_support/tagged_logging.rb:28:in `tagged'
activesupport (5.2.0) lib/active_support/tagged_logging.rb:71:in `tagged'
railties (5.2.0) lib/rails/rack/logger.rb:26:in `call'
sprockets-rails (3.2.1) lib/sprockets/rails/quiet_assets.rb:13:in `call'
actionpack (5.2.0) lib/action_dispatch/middleware/remote_ip.rb:81:in `call'
actionpack (5.2.0) lib/action_dispatch/middleware/request_id.rb:27:in `call'
rack (2.0.4) lib/rack/method_override.rb:22:in `call'
rack (2.0.4) lib/rack/runtime.rb:22:in `call'
activesupport (5.2.0) lib/active_support/cache/strategy/local_cache_middleware.rb:29:in `call'
actionpack (5.2.0) lib/action_dispatch/middleware/executor.rb:14:in `call'
actionpack (5.2.0) lib/action_dispatch/middleware/static.rb:127:in `call'
rack (2.0.4) lib/rack/sendfile.rb:111:in `call'
railties (5.2.0) lib/rails/engine.rb:524:in `call'
rack (2.0.4) lib/rack/handler/webrick.rb:86:in `service'
/Users/seancdavis/.rbenv/versions/2.3.4/lib/ruby/2.3.0/webrick/httpserver.rb:140:in `service'
/Users/seancdavis/.rbenv/versions/2.3.4/lib/ruby/2.3.0/webrick/httpserver.rb:96:in `run'
/Users/seancdavis/.rbenv/versions/2.3.4/lib/ruby/2.3.0/webrick/server.rb:296:in `block in start_thread'
bundler (1.16.0) lib/bundler/rubygems_integration.rb:404:in `block (2 levels) in replace_gem'
activerecord (5.2.0) lib/active_record/connection_adapters/sqlite3_adapter.rb:12:in `<top (required)>'
activesupport (5.2.0) lib/active_support/dependencies.rb:283:in `require'
activesupport (5.2.0) lib/active_support/dependencies.rb:283:in `block in require'
activesupport (5.2.0) lib/active_support/dependencies.rb:249:in `load_dependency'
activesupport (5.2.0) lib/active_support/dependencies.rb:283:in `require'
activerecord (5.2.0) lib/active_record/connection_adapters/connection_specification.rb:191:in `spec'
activerecord (5.2.0) lib/active_record/connection_adapters/abstract/connection_pool.rb:950:in `establish_connection'
activerecord (5.2.0) lib/active_record/connection_handling.rb:60:in `establish_connection'
activerecord (5.2.0) lib/active_record/railtie.rb:136:in `block (2 levels) in <class:Railtie>'
activesupport (5.2.0) lib/active_support/lazy_load_hooks.rb:71:in `instance_eval'
activesupport (5.2.0) lib/active_support/lazy_load_hooks.rb:71:in `block in execute_hook'
activesupport (5.2.0) lib/active_support/lazy_load_hooks.rb:62:in `with_execution_control'
activesupport (5.2.0) lib/active_support/lazy_load_hooks.rb:67:in `execute_hook'
activesupport (5.2.0) lib/active_support/lazy_load_hooks.rb:52:in `block in run_load_hooks'
activesupport (5.2.0) lib/active_support/lazy_load_hooks.rb:51:in `each'
activesupport (5.2.0) lib/active_support/lazy_load_hooks.rb:51:in `run_load_hooks'
activerecord (5.2.0) lib/active_record/base.rb:328:in `<module:ActiveRecord>'
activerecord (5.2.0) lib/active_record/base.rb:27:in `<top (required)>'
activesupport (5.2.0) lib/active_support/dependencies.rb:283:in `require'
activesupport (5.2.0) lib/active_support/dependencies.rb:283:in `block in require'
activesupport (5.2.0) lib/active_support/dependencies.rb:249:in `load_dependency'
activesupport (5.2.0) lib/active_support/dependencies.rb:283:in `require'
activerecord (5.2.0) lib/active_record/migration.rb:554:in `call'
actionpack (5.2.0) lib/action_dispatch/middleware/callbacks.rb:28:in `block in call'
activesupport (5.2.0) lib/active_support/callbacks.rb:98:in `run_callbacks'
actionpack (5.2.0) lib/action_dispatch/middleware/callbacks.rb:26:in `call'
actionpack (5.2.0) lib/action_dispatch/middleware/executor.rb:14:in `call'
actionpack (5.2.0) lib/action_dispatch/middleware/debug_exceptions.rb:61:in `call'
actionpack (5.2.0) lib/action_dispatch/middleware/show_exceptions.rb:33:in `call'
railties (5.2.0) lib/rails/rack/logger.rb:38:in `call_app'
railties (5.2.0) lib/rails/rack/logger.rb:26:in `block in call'
activesupport (5.2.0) lib/active_support/tagged_logging.rb:71:in `block in tagged'
activesupport (5.2.0) lib/active_support/tagged_logging.rb:28:in `tagged'
activesupport (5.2.0) lib/active_support/tagged_logging.rb:71:in `tagged'
railties (5.2.0) lib/rails/rack/logger.rb:26:in `call'
sprockets-rails (3.2.1) lib/sprockets/rails/quiet_assets.rb:13:in `call'
actionpack (5.2.0) lib/action_dispatch/middleware/remote_ip.rb:81:in `call'
actionpack (5.2.0) lib/action_dispatch/middleware/request_id.rb:27:in `call'
rack (2.0.4) lib/rack/method_override.rb:22:in `call'
rack (2.0.4) lib/rack/runtime.rb:22:in `call'
activesupport (5.2.0) lib/active_support/cache/strategy/local_cache_middleware.rb:29:in `call'
actionpack (5.2.0) lib/action_dispatch/middleware/executor.rb:14:in `call'
actionpack (5.2.0) lib/action_dispatch/middleware/static.rb:127:in `call'
rack (2.0.4) lib/rack/sendfile.rb:111:in `call'
railties (5.2.0) lib/rails/engine.rb:524:in `call'
rack (2.0.4) lib/rack/handler/webrick.rb:86:in `service'
/Users/seancdavis/.rbenv/versions/2.3.4/lib/ruby/2.3.0/webrick/httpserver.rb:140:in `service'
/Users/seancdavis/.rbenv/versions/2.3.4/lib/ruby/2.3.0/webrick/httpserver.rb:96:in `run'
/Users/seancdavis/.rbenv/versions/2.3.4/lib/ruby/2.3.0/webrick/server.rb:296:in `block in start_thread'
  [1m[35m (0.4ms)[0m  [1m[34mSELECT sqlite_version(*)[0m
  ↳ bin/rails:4
  [1m[35m (1.2ms)[0m  [1m[35mCREATE TABLE "schema_migrations" ("version" varchar NOT NULL PRIMARY KEY)[0m
  ↳ bin/rails:4
  [1m[35m (0.9ms)[0m  [1m[35mCREATE TABLE "ar_internal_metadata" ("key" varchar NOT NULL PRIMARY KEY, "value" varchar, "created_at" datetime NOT NULL, "updated_at" datetime NOT NULL)[0m
  ↳ bin/rails:4
  [1m[36mActiveRecord::InternalMetadata Load (0.2ms)[0m  [1m[34mSELECT  "ar_internal_metadata".* FROM "ar_internal_metadata" WHERE "ar_internal_metadata"."key" = ? LIMIT ?[0m  [["key", "environment"], ["LIMIT", 1]]
  ↳ bin/rails:4
  [1m[35m (0.0ms)[0m  [1m[36mbegin transaction[0m
  ↳ bin/rails:4
  [1m[36mActiveRecord::InternalMetadata Create (0.4ms)[0m  [1m[32mINSERT INTO "ar_internal_metadata" ("key", "value", "created_at", "updated_at") VALUES (?, ?, ?, ?)[0m  [["key", "environment"], ["value", "development"], ["created_at", "2018-04-19 10:31:47.949650"], ["updated_at", "2018-04-19 10:31:47.949650"]]
  ↳ bin/rails:4
  [1m[35m (0.8ms)[0m  [1m[36mcommit transaction[0m
  ↳ bin/rails:4
  [1m[35m (0.1ms)[0m  [1m[34mSELECT "schema_migrations"."version" FROM "schema_migrations" ORDER BY "schema_migrations"."version" ASC[0m
  ↳ bin/rails:4
Started GET "/" for ::1 at 2018-04-19 06:33:37 -0400
Processing by Rails::WelcomeController#index as HTML
  Rendering /Users/seancdavis/.rbenv/versions/2.3.4/lib/ruby/gems/2.3.0/gems/railties-5.2.0/lib/rails/templates/rails/welcome/index.html.erb
  Rendered /Users/seancdavis/.rbenv/versions/2.3.4/lib/ruby/gems/2.3.0/gems/railties-5.2.0/lib/rails/templates/rails/welcome/index.html.erb (3.0ms)
Completed 200 OK in 11ms (Views: 7.5ms | ActiveRecord: 0.0ms)


Started GET "/" for ::1 at 2018-04-19 06:34:22 -0400
Processing by ApplicationController#home as HTML
  Rendering application/home.html.erb within layouts/application
  Rendered application/home.html.erb within layouts/application (0.3ms)
Completed 200 OK in 203ms (Views: 201.8ms | ActiveRecord: 0.0ms)


Started GET "/" for ::1 at 2018-04-19 06:36:12 -0400
Processing by ApplicationController#home as HTML
  Rendering application/home.html.erb within layouts/application
  Rendered application/home.html.erb within layouts/application (0.3ms)
Completed 500 Internal Server Error in 15ms (ActiveRecord: 0.0ms)


  
ActionView::Template::Error (couldn't find file 'heartwood/uploader' with type 'application/javascript'
Checked in these paths: 
  /Users/seancdavis/code/heartwood-uploader/spec/dummy/app/assets/config
  /Users/seancdavis/code/heartwood-uploader/spec/dummy/app/assets/images
  /Users/seancdavis/code/heartwood-uploader/spec/dummy/app/assets/javascripts
  /Users/seancdavis/code/heartwood-uploader/spec/dummy/app/assets/stylesheets
  /Users/seancdavis/code/heartwood-uploader/app/assets/javascripts
  /Users/seancdavis/.rbenv/versions/2.3.4/lib/ruby/gems/2.3.0/gems/jquery-fileupload-rails-0.4.7/app/assets/images
  /Users/seancdavis/.rbenv/versions/2.3.4/lib/ruby/gems/2.3.0/gems/jquery-fileupload-rails-0.4.7/app/assets/javascripts
  /Users/seancdavis/.rbenv/versions/2.3.4/lib/ruby/gems/2.3.0/gems/jquery-fileupload-rails-0.4.7/app/assets/stylesheets
  /Users/seancdavis/.rbenv/versions/2.3.4/lib/ruby/gems/2.3.0/gems/actioncable-5.2.0/lib/assets/compiled
  /Users/seancdavis/.rbenv/versions/2.3.4/lib/ruby/gems/2.3.0/gems/activestorage-5.2.0/app/assets/javascripts
  /Users/seancdavis/.rbenv/versions/2.3.4/lib/ruby/gems/2.3.0/gems/actionview-5.2.0/lib/assets/compiled
  /Users/seancdavis/code/heartwood-uploader/spec/dummy/node_modules):
     8:     <link href="//stackpath.bootstrapcdn.com/bootstrap/4.1.0/css/bootstrap.min.css" rel="stylesheet" integrity="sha384-9gVQ4dYFwwWSjIDZnLEWnxCjeSWFphJiwGPXr1jddIhOegiu1FwO5qRGvFXOdJZ4" crossorigin="anonymous">
     9: 
    10:     <%= stylesheet_link_tag    'application', media: 'all' %>
    11:     <%= javascript_include_tag 'application' %>
    12:   </head>
    13: 
    14:   <body>
  
app/assets/javascripts/application.js:3
app/views/layouts/application.html.erb:11:in `_app_views_layouts_application_html_erb___992577015038776821_70342196617440'
Started GET "/" for ::1 at 2018-04-19 06:36:54 -0400
Processing by ApplicationController#home as HTML
  Rendering application/home.html.erb within layouts/application
  Rendered application/home.html.erb within layouts/application (1.3ms)
Completed 500 Internal Server Error in 163ms (ActiveRecord: 0.0ms)


  
ActionView::Template::Error (couldn't find file 'heartwood/uploader' with type 'application/javascript'
Checked in these paths: 
  /Users/seancdavis/code/heartwood-uploader/spec/dummy/app/assets/config
  /Users/seancdavis/code/heartwood-uploader/spec/dummy/app/assets/images
  /Users/seancdavis/code/heartwood-uploader/spec/dummy/app/assets/javascripts
  /Users/seancdavis/code/heartwood-uploader/spec/dummy/app/assets/stylesheets
  /Users/seancdavis/code/heartwood-uploader/app/assets/javascripts
  /Users/seancdavis/.rbenv/versions/2.3.4/lib/ruby/gems/2.3.0/gems/jquery-fileupload-rails-0.4.7/app/assets/images
  /Users/seancdavis/.rbenv/versions/2.3.4/lib/ruby/gems/2.3.0/gems/jquery-fileupload-rails-0.4.7/app/assets/javascripts
  /Users/seancdavis/.rbenv/versions/2.3.4/lib/ruby/gems/2.3.0/gems/jquery-fileupload-rails-0.4.7/app/assets/stylesheets
  /Users/seancdavis/.rbenv/versions/2.3.4/lib/ruby/gems/2.3.0/gems/actioncable-5.2.0/lib/assets/compiled
  /Users/seancdavis/.rbenv/versions/2.3.4/lib/ruby/gems/2.3.0/gems/activestorage-5.2.0/app/assets/javascripts
  /Users/seancdavis/.rbenv/versions/2.3.4/lib/ruby/gems/2.3.0/gems/actionview-5.2.0/lib/assets/compiled
  /Users/seancdavis/code/heartwood-uploader/spec/dummy/node_modules):
     7: 
     8:     <link href="//stackpath.bootstrapcdn.com/bootstrap/4.1.0/css/bootstrap.min.css" rel="stylesheet" integrity="sha384-9gVQ4dYFwwWSjIDZnLEWnxCjeSWFphJiwGPXr1jddIhOegiu1FwO5qRGvFXOdJZ4" crossorigin="anonymous">
     9: 
    10:     <%= stylesheet_link_tag    'application', media: 'all' %>
    11:     <%= javascript_include_tag 'application' %>
    12:   </head>
    13: 
  
app/assets/javascripts/application.js:3
app/views/layouts/application.html.erb:10:in `_app_views_layouts_application_html_erb___4490182200229634021_70207822677640'
Started GET "/" for ::1 at 2018-04-19 06:37:01 -0400
Processing by ApplicationController#home as HTML
  Rendering application/home.html.erb within layouts/application
  Rendered application/home.html.erb within layouts/application (0.3ms)
Completed 200 OK in 67ms (Views: 65.9ms | ActiveRecord: 0.0ms)


Started GET "/" for ::1 at 2018-04-19 06:38:47 -0400
Processing by ApplicationController#home as HTML
  Rendering application/home.html.erb within layouts/application
  Rendered application/home.html.erb within layouts/application (0.3ms)
Completed 500 Internal Server Error in 18ms (ActiveRecord: 0.0ms)


  
ActionView::Template::Error (couldn't find file 'heartwood/uploader' with type 'application/javascript'
Checked in these paths: 
  /Users/seancdavis/code/heartwood-uploader/spec/dummy/app/assets/config
  /Users/seancdavis/code/heartwood-uploader/spec/dummy/app/assets/images
  /Users/seancdavis/code/heartwood-uploader/spec/dummy/app/assets/javascripts
  /Users/seancdavis/code/heartwood-uploader/spec/dummy/app/assets/stylesheets
  /Users/seancdavis/code/heartwood-uploader/app/assets/javascripts
  /Users/seancdavis/.rbenv/versions/2.3.4/lib/ruby/gems/2.3.0/gems/jquery-fileupload-rails-0.4.7/app/assets/images
  /Users/seancdavis/.rbenv/versions/2.3.4/lib/ruby/gems/2.3.0/gems/jquery-fileupload-rails-0.4.7/app/assets/javascripts
  /Users/seancdavis/.rbenv/versions/2.3.4/lib/ruby/gems/2.3.0/gems/jquery-fileupload-rails-0.4.7/app/assets/stylesheets
  /Users/seancdavis/.rbenv/versions/2.3.4/lib/ruby/gems/2.3.0/gems/actioncable-5.2.0/lib/assets/compiled
  /Users/seancdavis/.rbenv/versions/2.3.4/lib/ruby/gems/2.3.0/gems/activestorage-5.2.0/app/assets/javascripts
  /Users/seancdavis/.rbenv/versions/2.3.4/lib/ruby/gems/2.3.0/gems/actionview-5.2.0/lib/assets/compiled
  /Users/seancdavis/code/heartwood-uploader/spec/dummy/node_modules):
     8:     <link href="//stackpath.bootstrapcdn.com/bootstrap/4.1.0/css/bootstrap.min.css" rel="stylesheet" integrity="sha384-9gVQ4dYFwwWSjIDZnLEWnxCjeSWFphJiwGPXr1jddIhOegiu1FwO5qRGvFXOdJZ4" crossorigin="anonymous">
     9: 
    10:     <%= stylesheet_link_tag    'application', media: 'all' %>
    11:     <%= javascript_include_tag 'application' %>
    12:   </head>
    13: 
    14:   <body>
  
app/assets/javascripts/application.js:3
app/views/layouts/application.html.erb:11:in `_app_views_layouts_application_html_erb___4490182200229634021_70207809361060'
Started GET "/" for ::1 at 2018-04-19 06:42:23 -0400
  
Gem::LoadError (Error loading the 'sqlite3' Active Record adapter. Missing a gem it depends on? sqlite3 is not part of the bundle. Add it to your Gemfile.):
  
bundler (1.16.0) lib/bundler/rubygems_integration.rb:404:in `block (2 levels) in replace_gem'
activerecord (5.2.0) lib/active_record/connection_adapters/sqlite3_adapter.rb:12:in `<top (required)>'
activesupport (5.2.0) lib/active_support/dependencies.rb:283:in `require'
activesupport (5.2.0) lib/active_support/dependencies.rb:283:in `block in require'
activesupport (5.2.0) lib/active_support/dependencies.rb:249:in `load_dependency'
activesupport (5.2.0) lib/active_support/dependencies.rb:283:in `require'
activerecord (5.2.0) lib/active_record/connection_adapters/connection_specification.rb:191:in `spec'
activerecord (5.2.0) lib/active_record/connection_adapters/abstract/connection_pool.rb:950:in `establish_connection'
activerecord (5.2.0) lib/active_record/connection_handling.rb:60:in `establish_connection'
activerecord (5.2.0) lib/active_record/railtie.rb:136:in `block (2 levels) in <class:Railtie>'
activesupport (5.2.0) lib/active_support/lazy_load_hooks.rb:71:in `instance_eval'
activesupport (5.2.0) lib/active_support/lazy_load_hooks.rb:71:in `block in execute_hook'
activesupport (5.2.0) lib/active_support/lazy_load_hooks.rb:62:in `with_execution_control'
activesupport (5.2.0) lib/active_support/lazy_load_hooks.rb:67:in `execute_hook'
activesupport (5.2.0) lib/active_support/lazy_load_hooks.rb:52:in `block in run_load_hooks'
activesupport (5.2.0) lib/active_support/lazy_load_hooks.rb:51:in `each'
activesupport (5.2.0) lib/active_support/lazy_load_hooks.rb:51:in `run_load_hooks'
activerecord (5.2.0) lib/active_record/base.rb:328:in `<module:ActiveRecord>'
activerecord (5.2.0) lib/active_record/base.rb:27:in `<top (required)>'
activesupport (5.2.0) lib/active_support/dependencies.rb:283:in `require'
activesupport (5.2.0) lib/active_support/dependencies.rb:283:in `block in require'
activesupport (5.2.0) lib/active_support/dependencies.rb:249:in `load_dependency'
activesupport (5.2.0) lib/active_support/dependencies.rb:283:in `require'
activerecord (5.2.0) lib/active_record/migration.rb:554:in `call'
actionpack (5.2.0) lib/action_dispatch/middleware/callbacks.rb:28:in `block in call'
activesupport (5.2.0) lib/active_support/callbacks.rb:98:in `run_callbacks'
actionpack (5.2.0) lib/action_dispatch/middleware/callbacks.rb:26:in `call'
actionpack (5.2.0) lib/action_dispatch/middleware/executor.rb:14:in `call'
actionpack (5.2.0) lib/action_dispatch/middleware/debug_exceptions.rb:61:in `call'
actionpack (5.2.0) lib/action_dispatch/middleware/show_exceptions.rb:33:in `call'
railties (5.2.0) lib/rails/rack/logger.rb:38:in `call_app'
railties (5.2.0) lib/rails/rack/logger.rb:26:in `block in call'
activesupport (5.2.0) lib/active_support/tagged_logging.rb:71:in `block in tagged'
activesupport (5.2.0) lib/active_support/tagged_logging.rb:28:in `tagged'
activesupport (5.2.0) lib/active_support/tagged_logging.rb:71:in `tagged'
railties (5.2.0) lib/rails/rack/logger.rb:26:in `call'
sprockets-rails (3.2.1) lib/sprockets/rails/quiet_assets.rb:13:in `call'
actionpack (5.2.0) lib/action_dispatch/middleware/remote_ip.rb:81:in `call'
actionpack (5.2.0) lib/action_dispatch/middleware/request_id.rb:27:in `call'
rack (2.0.4) lib/rack/method_override.rb:22:in `call'
rack (2.0.4) lib/rack/runtime.rb:22:in `call'
activesupport (5.2.0) lib/active_support/cache/strategy/local_cache_middleware.rb:29:in `call'
actionpack (5.2.0) lib/action_dispatch/middleware/executor.rb:14:in `call'
actionpack (5.2.0) lib/action_dispatch/middleware/static.rb:127:in `call'
rack (2.0.4) lib/rack/sendfile.rb:111:in `call'
railties (5.2.0) lib/rails/engine.rb:524:in `call'
rack (2.0.4) lib/rack/handler/webrick.rb:86:in `service'
/Users/seancdavis/.rbenv/versions/2.3.4/lib/ruby/2.3.0/webrick/httpserver.rb:140:in `service'
/Users/seancdavis/.rbenv/versions/2.3.4/lib/ruby/2.3.0/webrick/httpserver.rb:96:in `run'
/Users/seancdavis/.rbenv/versions/2.3.4/lib/ruby/2.3.0/webrick/server.rb:296:in `block in start_thread'
Started GET "/" for ::1 at 2018-04-19 06:43:06 -0400
Processing by ApplicationController#home as HTML
  Rendering application/home.html.erb within layouts/application
  Rendered application/home.html.erb within layouts/application (1.5ms)
Completed 500 Internal Server Error in 161ms (ActiveRecord: 0.0ms)


  
ActionView::Template::Error (couldn't find file 'heartwood/uploader' with type 'application/javascript'
Checked in these paths: 
  /Users/seancdavis/code/heartwood-uploader/spec/dummy/app/assets/config
  /Users/seancdavis/code/heartwood-uploader/spec/dummy/app/assets/images
  /Users/seancdavis/code/heartwood-uploader/spec/dummy/app/assets/javascripts
  /Users/seancdavis/code/heartwood-uploader/spec/dummy/app/assets/stylesheets
  /Users/seancdavis/code/heartwood-uploader/app/assets/javascripts
  /Users/seancdavis/.rbenv/versions/2.3.4/lib/ruby/gems/2.3.0/gems/jquery-fileupload-rails-0.4.7/app/assets/images
  /Users/seancdavis/.rbenv/versions/2.3.4/lib/ruby/gems/2.3.0/gems/jquery-fileupload-rails-0.4.7/app/assets/javascripts
  /Users/seancdavis/.rbenv/versions/2.3.4/lib/ruby/gems/2.3.0/gems/jquery-fileupload-rails-0.4.7/app/assets/stylesheets
  /Users/seancdavis/.rbenv/versions/2.3.4/lib/ruby/gems/2.3.0/gems/actioncable-5.2.0/lib/assets/compiled
  /Users/seancdavis/.rbenv/versions/2.3.4/lib/ruby/gems/2.3.0/gems/activestorage-5.2.0/app/assets/javascripts
  /Users/seancdavis/.rbenv/versions/2.3.4/lib/ruby/gems/2.3.0/gems/actionview-5.2.0/lib/assets/compiled
  /Users/seancdavis/code/heartwood-uploader/spec/dummy/node_modules):
     7: 
     8:     <link href="//stackpath.bootstrapcdn.com/bootstrap/4.1.0/css/bootstrap.min.css" rel="stylesheet" integrity="sha384-9gVQ4dYFwwWSjIDZnLEWnxCjeSWFphJiwGPXr1jddIhOegiu1FwO5qRGvFXOdJZ4" crossorigin="anonymous">
     9: 
    10:     <%= stylesheet_link_tag    'application', media: 'all' %>
    11:     <%= javascript_include_tag 'application' %>
    12:   </head>
    13: 
  
app/assets/javascripts/application.js:3
app/views/layouts/application.html.erb:10:in `_app_views_layouts_application_html_erb___687486020356894582_70120791740660'
Started GET "/" for ::1 at 2018-04-19 06:44:36 -0400
  
Gem::LoadError (Error loading the 'sqlite3' Active Record adapter. Missing a gem it depends on? sqlite3 is not part of the bundle. Add it to your Gemfile.):
  
bundler (1.16.0) lib/bundler/rubygems_integration.rb:404:in `block (2 levels) in replace_gem'
activerecord (5.2.0) lib/active_record/connection_adapters/sqlite3_adapter.rb:12:in `<top (required)>'
activesupport (5.2.0) lib/active_support/dependencies.rb:283:in `require'
activesupport (5.2.0) lib/active_support/dependencies.rb:283:in `block in require'
activesupport (5.2.0) lib/active_support/dependencies.rb:249:in `load_dependency'
activesupport (5.2.0) lib/active_support/dependencies.rb:283:in `require'
activerecord (5.2.0) lib/active_record/connection_adapters/connection_specification.rb:191:in `spec'
activerecord (5.2.0) lib/active_record/connection_adapters/abstract/connection_pool.rb:950:in `establish_connection'
activerecord (5.2.0) lib/active_record/connection_handling.rb:60:in `establish_connection'
activerecord (5.2.0) lib/active_record/railtie.rb:136:in `block (2 levels) in <class:Railtie>'
activesupport (5.2.0) lib/active_support/lazy_load_hooks.rb:71:in `instance_eval'
activesupport (5.2.0) lib/active_support/lazy_load_hooks.rb:71:in `block in execute_hook'
activesupport (5.2.0) lib/active_support/lazy_load_hooks.rb:62:in `with_execution_control'
activesupport (5.2.0) lib/active_support/lazy_load_hooks.rb:67:in `execute_hook'
activesupport (5.2.0) lib/active_support/lazy_load_hooks.rb:52:in `block in run_load_hooks'
activesupport (5.2.0) lib/active_support/lazy_load_hooks.rb:51:in `each'
activesupport (5.2.0) lib/active_support/lazy_load_hooks.rb:51:in `run_load_hooks'
activerecord (5.2.0) lib/active_record/base.rb:328:in `<module:ActiveRecord>'
activerecord (5.2.0) lib/active_record/base.rb:27:in `<top (required)>'
activesupport (5.2.0) lib/active_support/dependencies.rb:283:in `require'
activesupport (5.2.0) lib/active_support/dependencies.rb:283:in `block in require'
activesupport (5.2.0) lib/active_support/dependencies.rb:249:in `load_dependency'
activesupport (5.2.0) lib/active_support/dependencies.rb:283:in `require'
activerecord (5.2.0) lib/active_record/migration.rb:554:in `call'
actionpack (5.2.0) lib/action_dispatch/middleware/callbacks.rb:28:in `block in call'
activesupport (5.2.0) lib/active_support/callbacks.rb:98:in `run_callbacks'
actionpack (5.2.0) lib/action_dispatch/middleware/callbacks.rb:26:in `call'
actionpack (5.2.0) lib/action_dispatch/middleware/executor.rb:14:in `call'
actionpack (5.2.0) lib/action_dispatch/middleware/debug_exceptions.rb:61:in `call'
actionpack (5.2.0) lib/action_dispatch/middleware/show_exceptions.rb:33:in `call'
railties (5.2.0) lib/rails/rack/logger.rb:38:in `call_app'
railties (5.2.0) lib/rails/rack/logger.rb:26:in `block in call'
activesupport (5.2.0) lib/active_support/tagged_logging.rb:71:in `block in tagged'
activesupport (5.2.0) lib/active_support/tagged_logging.rb:28:in `tagged'
activesupport (5.2.0) lib/active_support/tagged_logging.rb:71:in `tagged'
railties (5.2.0) lib/rails/rack/logger.rb:26:in `call'
sprockets-rails (3.2.1) lib/sprockets/rails/quiet_assets.rb:13:in `call'
actionpack (5.2.0) lib/action_dispatch/middleware/remote_ip.rb:81:in `call'
actionpack (5.2.0) lib/action_dispatch/middleware/request_id.rb:27:in `call'
rack (2.0.4) lib/rack/method_override.rb:22:in `call'
rack (2.0.4) lib/rack/runtime.rb:22:in `call'
activesupport (5.2.0) lib/active_support/cache/strategy/local_cache_middleware.rb:29:in `call'
actionpack (5.2.0) lib/action_dispatch/middleware/executor.rb:14:in `call'
actionpack (5.2.0) lib/action_dispatch/middleware/static.rb:127:in `call'
rack (2.0.4) lib/rack/sendfile.rb:111:in `call'
railties (5.2.0) lib/rails/engine.rb:524:in `call'
rack (2.0.4) lib/rack/handler/webrick.rb:86:in `service'
/Users/seancdavis/.rbenv/versions/2.3.4/lib/ruby/2.3.0/webrick/httpserver.rb:140:in `service'
/Users/seancdavis/.rbenv/versions/2.3.4/lib/ruby/2.3.0/webrick/httpserver.rb:96:in `run'
/Users/seancdavis/.rbenv/versions/2.3.4/lib/ruby/2.3.0/webrick/server.rb:296:in `block in start_thread'
Started GET "/" for ::1 at 2018-04-19 06:45:47 -0400
Processing by ApplicationController#home as HTML
  Rendering application/home.html.erb within layouts/application
  Rendered application/home.html.erb within layouts/application (1.0ms)
Completed 500 Internal Server Error in 80ms (ActiveRecord: 0.0ms)


  
LoadError (cannot load such file -- babel/transpiler):
  
activesupport (5.2.0) lib/active_support/dependencies.rb:283:in `require'
activesupport (5.2.0) lib/active_support/dependencies.rb:283:in `block in require'
activesupport (5.2.0) lib/active_support/dependencies.rb:249:in `load_dependency'
activesupport (5.2.0) lib/active_support/dependencies.rb:283:in `require'
sprockets (4.0.0.beta7) lib/sprockets/autoload/babel.rb:2:in `<top (required)>'
activesupport (5.2.0) lib/active_support/dependencies.rb:283:in `require'
activesupport (5.2.0) lib/active_support/dependencies.rb:283:in `block in require'
activesupport (5.2.0) lib/active_support/dependencies.rb:249:in `load_dependency'
activesupport (5.2.0) lib/active_support/dependencies.rb:283:in `require'
sprockets (4.0.0.beta7) lib/sprockets/babel_processor.rb:33:in `initialize'
sprockets (4.0.0.beta7) lib/sprockets/babel_processor.rb:12:in `new'
sprockets (4.0.0.beta7) lib/sprockets/babel_processor.rb:12:in `instance'
sprockets (4.0.0.beta7) lib/sprockets/babel_processor.rb:16:in `call'
sprockets (4.0.0.beta7) lib/sprockets/processor_utils.rb:84:in `call_processor'
sprockets (4.0.0.beta7) lib/sprockets/processor_utils.rb:66:in `block in call_processors'
sprockets (4.0.0.beta7) lib/sprockets/processor_utils.rb:65:in `reverse_each'
sprockets (4.0.0.beta7) lib/sprockets/processor_utils.rb:65:in `call_processors'
sprockets (4.0.0.beta7) lib/sprockets/processor_utils.rb:22:in `block in <class:CompositeProcessor>'
sprockets (4.0.0.beta7) lib/sprockets/processor_utils.rb:33:in `call'
sprockets (4.0.0.beta7) lib/sprockets/processor_utils.rb:84:in `call_processor'
sprockets (4.0.0.beta7) lib/sprockets/processor_utils.rb:66:in `block in call_processors'
sprockets (4.0.0.beta7) lib/sprockets/processor_utils.rb:65:in `reverse_each'
sprockets (4.0.0.beta7) lib/sprockets/processor_utils.rb:65:in `call_processors'
sprockets (4.0.0.beta7) lib/sprockets/loader.rb:145:in `load_from_unloaded'
sprockets (4.0.0.beta7) lib/sprockets/loader.rb:59:in `block in load'
sprockets (4.0.0.beta7) lib/sprockets/loader.rb:329:in `fetch_asset_from_dependency_cache'
sprockets (4.0.0.beta7) lib/sprockets/loader.rb:43:in `load'
sprockets (4.0.0.beta7) lib/sprockets/cached_environment.rb:44:in `load'
sprockets (4.0.0.beta7) lib/sprockets/bundle.rb:41:in `block in call'
sprockets (4.0.0.beta7) lib/sprockets/utils.rb:167:in `dfs'
sprockets (4.0.0.beta7) lib/sprockets/bundle.rb:42:in `call'
sprockets (4.0.0.beta7) lib/sprockets/processor_utils.rb:84:in `call_processor'
sprockets (4.0.0.beta7) lib/sprockets/processor_utils.rb:66:in `block in call_processors'
sprockets (4.0.0.beta7) lib/sprockets/processor_utils.rb:65:in `reverse_each'
sprockets (4.0.0.beta7) lib/sprockets/processor_utils.rb:65:in `call_processors'
sprockets (4.0.0.beta7) lib/sprockets/loader.rb:145:in `load_from_unloaded'
sprockets (4.0.0.beta7) lib/sprockets/loader.rb:59:in `block in load'
sprockets (4.0.0.beta7) lib/sprockets/loader.rb:329:in `fetch_asset_from_dependency_cache'
sprockets (4.0.0.beta7) lib/sprockets/loader.rb:43:in `load'
sprockets (4.0.0.beta7) lib/sprockets/cached_environment.rb:44:in `load'
sprockets (4.0.0.beta7) lib/sprockets/bundle.rb:32:in `block in call'
/Users/seancdavis/.rbenv/versions/2.3.4/lib/ruby/2.3.0/set.rb:306:in `each_key'
/Users/seancdavis/.rbenv/versions/2.3.4/lib/ruby/2.3.0/set.rb:306:in `each'
sprockets (4.0.0.beta7) lib/sprockets/bundle.rb:31:in `call'
sprockets (4.0.0.beta7) lib/sprockets/processor_utils.rb:84:in `call_processor'
sprockets (4.0.0.beta7) lib/sprockets/processor_utils.rb:66:in `block in call_processors'
sprockets (4.0.0.beta7) lib/sprockets/processor_utils.rb:65:in `reverse_each'
sprockets (4.0.0.beta7) lib/sprockets/processor_utils.rb:65:in `call_processors'
sprockets (4.0.0.beta7) lib/sprockets/loader.rb:145:in `load_from_unloaded'
sprockets (4.0.0.beta7) lib/sprockets/loader.rb:59:in `block in load'
sprockets (4.0.0.beta7) lib/sprockets/loader.rb:329:in `fetch_asset_from_dependency_cache'
sprockets (4.0.0.beta7) lib/sprockets/loader.rb:43:in `load'
sprockets (4.0.0.beta7) lib/sprockets/cached_environment.rb:44:in `load'
sprockets (4.0.0.beta7) lib/sprockets/base.rb:81:in `find_asset'
sprockets (4.0.0.beta7) lib/sprockets/base.rb:88:in `find_all_linked_assets'
sprockets (4.0.0.beta7) lib/sprockets/manifest.rb:125:in `block (2 levels) in find'
concurrent-ruby (1.0.5) lib/concurrent/executor/safe_task_executor.rb:24:in `block in execute'
concurrent-ruby (1.0.5) lib/concurrent/synchronization/mri_lockable_object.rb:38:in `block in synchronize'
concurrent-ruby (1.0.5) lib/concurrent/synchronization/mri_lockable_object.rb:38:in `synchronize'
concurrent-ruby (1.0.5) lib/concurrent/synchronization/mri_lockable_object.rb:38:in `synchronize'
concurrent-ruby (1.0.5) lib/concurrent/executor/safe_task_executor.rb:19:in `execute'
concurrent-ruby (1.0.5) lib/concurrent/promise.rb:531:in `block in realize'
concurrent-ruby (1.0.5) lib/concurrent/executor/ruby_thread_pool_executor.rb:348:in `run_task'
concurrent-ruby (1.0.5) lib/concurrent/executor/ruby_thread_pool_executor.rb:337:in `block (3 levels) in create_worker'
concurrent-ruby (1.0.5) lib/concurrent/executor/ruby_thread_pool_executor.rb:320:in `loop'
concurrent-ruby (1.0.5) lib/concurrent/executor/ruby_thread_pool_executor.rb:320:in `block (2 levels) in create_worker'
concurrent-ruby (1.0.5) lib/concurrent/executor/ruby_thread_pool_executor.rb:319:in `catch'
concurrent-ruby (1.0.5) lib/concurrent/executor/ruby_thread_pool_executor.rb:319:in `block in create_worker'
Started GET "/" for ::1 at 2018-04-19 06:46:40 -0400
Started GET "/robots.txt" for ::1 at 2018-04-19 06:46:40 -0400
  
ActionController::RoutingError (No route matches [GET] "/robots.txt"):
  
actionpack (5.2.0) lib/action_dispatch/middleware/debug_exceptions.rb:65:in `call'
actionpack (5.2.0) lib/action_dispatch/middleware/show_exceptions.rb:33:in `call'
railties (5.2.0) lib/rails/rack/logger.rb:38:in `call_app'
railties (5.2.0) lib/rails/rack/logger.rb:26:in `block in call'
activesupport (5.2.0) lib/active_support/tagged_logging.rb:71:in `block in tagged'
activesupport (5.2.0) lib/active_support/tagged_logging.rb:28:in `tagged'
activesupport (5.2.0) lib/active_support/tagged_logging.rb:71:in `tagged'
railties (5.2.0) lib/rails/rack/logger.rb:26:in `call'
sprockets-rails (3.2.1) lib/sprockets/rails/quiet_assets.rb:13:in `call'
actionpack (5.2.0) lib/action_dispatch/middleware/remote_ip.rb:81:in `call'
actionpack (5.2.0) lib/action_dispatch/middleware/request_id.rb:27:in `call'
rack (2.0.4) lib/rack/method_override.rb:22:in `call'
rack (2.0.4) lib/rack/runtime.rb:22:in `call'
activesupport (5.2.0) lib/active_support/cache/strategy/local_cache_middleware.rb:29:in `call'
actionpack (5.2.0) lib/action_dispatch/middleware/executor.rb:14:in `call'
actionpack (5.2.0) lib/action_dispatch/middleware/static.rb:127:in `call'
rack (2.0.4) lib/rack/sendfile.rb:111:in `call'
railties (5.2.0) lib/rails/engine.rb:524:in `call'
rack (2.0.4) lib/rack/handler/webrick.rb:86:in `service'
/Users/seancdavis/.rbenv/versions/2.3.4/lib/ruby/2.3.0/webrick/httpserver.rb:140:in `service'
/Users/seancdavis/.rbenv/versions/2.3.4/lib/ruby/2.3.0/webrick/httpserver.rb:96:in `run'
/Users/seancdavis/.rbenv/versions/2.3.4/lib/ruby/2.3.0/webrick/server.rb:296:in `block in start_thread'
Processing by ApplicationController#home as HTML
  Rendering application/home.html.erb within layouts/application
  Rendered application/home.html.erb within layouts/application (0.3ms)
Completed 200 OK in 1273ms (Views: 1271.4ms | ActiveRecord: 0.0ms)


Started GET "/" for ::1 at 2018-04-19 06:47:20 -0400
Processing by ApplicationController#home as HTML
  Rendering application/home.html.erb within layouts/application
  Rendered application/home.html.erb within layouts/application (1.4ms)
Completed 200 OK in 381ms (Views: 378.6ms | ActiveRecord: 0.0ms)


Started GET "/" for ::1 at 2018-04-19 06:48:05 -0400
Processing by ApplicationController#home as HTML
  Rendering application/home.html.erb within layouts/application
  Rendered application/home.html.erb within layouts/application (0.4ms)
Completed 200 OK in 14ms (Views: 12.5ms | ActiveRecord: 0.0ms)


Started GET "/" for ::1 at 2018-04-19 06:49:35 -0400
Processing by ApplicationController#home as HTML
  Rendering application/home.html.erb within layouts/application
  Rendered application/home.html.erb within layouts/application (4.8ms)
Completed 500 Internal Server Error in 9ms (ActiveRecord: 0.0ms)


  
ActionView::Template::Error (no implicit conversion of nil into String):
    4:   <div>
    5:     <h2>Basic Example</h2>
    6:     <p>This is the functionality out of the box, when including Bootstrap 4.x:</p>
    7:     <%= heartwood_uploader %>
    8:   </div>
    9: 
   10: </main>
  
app/views/application/home.html.erb:7:in `_app_views_application_home_html_erb__2523805455932188919_70252597773440'
Started GET "/" for ::1 at 2018-04-19 06:56:19 -0400
Processing by ApplicationController#home as HTML
  Rendering application/home.html.erb within layouts/application
  Rendered application/home.html.erb within layouts/application (2.3ms)
Completed 500 Internal Server Error in 7ms (ActiveRecord: 0.0ms)


  
ActionView::Template::Error (no implicit conversion of nil into String):
    4:   <div>
    5:     <h2>Basic Example</h2>
    6:     <p>This is the functionality out of the box, when including Bootstrap 4.x:</p>
    7:     <%= heartwood_uploader %>
    8:   </div>
    9: 
   10: </main>
  
app/views/application/home.html.erb:7:in `_app_views_application_home_html_erb__2523805455932188919_70252600895520'
Started GET "/" for ::1 at 2018-04-19 06:56:32 -0400
Processing by ApplicationController#home as HTML
  Rendering application/home.html.erb within layouts/application
  Rendered application/home.html.erb within layouts/application (7.2ms)
Completed 500 Internal Server Error in 14ms (ActiveRecord: 0.0ms)


  
ActionView::Template::Error (Missing required AWS configuration.):
    4:   <div>
    5:     <h2>Basic Example</h2>
    6:     <p>This is the functionality out of the box, when including Bootstrap 4.x:</p>
    7:     <%= heartwood_uploader %>
    8:   </div>
    9: 
   10: </main>
  
app/views/application/home.html.erb:7:in `_app_views_application_home_html_erb___2726223136709403406_70101408437300'
Started GET "/" for ::1 at 2018-04-19 06:57:54 -0400
Processing by ApplicationController#home as HTML
  Rendering application/home.html.erb within layouts/application
  Rendered application/home.html.erb within layouts/application (2.5ms)
Completed 200 OK in 77ms (Views: 74.1ms | ActiveRecord: 0.0ms)


